This is pdfTeX, Version 3.14159265-2.6-1.40.16 (TeX Live 2015/Debian) (preloaded format=pdflatex 2017.3.2)  4 MAR 2017 13:03
entering extended mode
 restricted \write18 enabled.
 %&-line parsing enabled.
**report.tex
(./report.tex
LaTeX2e <2016/02/01>
Babel <3.9q> and hyphenation patterns for 81 language(s) loaded.
(/usr/share/texlive/texmf-dist/tex/latex/base/article.cls
Document Class: article 2014/09/29 v1.4h Standard LaTeX document class
(/usr/share/texlive/texmf-dist/tex/latex/base/size10.clo
File: size10.clo 2014/09/29 v1.4h Standard LaTeX file (size option)
)
\c@part=\count79
\c@section=\count80
\c@subsection=\count81
\c@subsubsection=\count82
\c@paragraph=\count83
\c@subparagraph=\count84
\c@figure=\count85
\c@table=\count86
\abovecaptionskip=\skip41
\belowcaptionskip=\skip42
\bibindent=\dimen102
)
(/usr/share/texlive/texmf-dist/tex/latex/graphics/graphicx.sty
Package: graphicx 2014/10/28 v1.0g Enhanced LaTeX Graphics (DPC,SPQR)

(/usr/share/texlive/texmf-dist/tex/latex/graphics/keyval.sty
Package: keyval 2014/10/28 v1.15 key=value parser (DPC)
\KV@toks@=\toks14
)
(/usr/share/texlive/texmf-dist/tex/latex/graphics/graphics.sty
Package: graphics 2016/01/03 v1.0q Standard LaTeX Graphics (DPC,SPQR)

(/usr/share/texlive/texmf-dist/tex/latex/graphics/trig.sty
Package: trig 2016/01/03 v1.10 sin cos tan (DPC)
)
(/usr/share/texlive/texmf-dist/tex/latex/latexconfig/graphics.cfg
File: graphics.cfg 2010/04/23 v1.9 graphics configuration of TeX Live
)
Package graphics Info: Driver file: pdftex.def on input line 95.

(/usr/share/texlive/texmf-dist/tex/latex/pdftex-def/pdftex.def
File: pdftex.def 2011/05/27 v0.06d Graphics/color for pdfTeX

(/usr/share/texlive/texmf-dist/tex/generic/oberdiek/infwarerr.sty
Package: infwarerr 2010/04/08 v1.3 Providing info/warning/error messages (HO)
)
(/usr/share/texlive/texmf-dist/tex/generic/oberdiek/ltxcmds.sty
Package: ltxcmds 2011/11/09 v1.22 LaTeX kernel commands for general use (HO)
)
\Gread@gobject=\count87
))
\Gin@req@height=\dimen103
\Gin@req@width=\dimen104
)
(/usr/share/texlive/texmf-dist/tex/latex/geometry/geometry.sty
Package: geometry 2010/09/12 v5.6 Page Geometry

(/usr/share/texlive/texmf-dist/tex/generic/oberdiek/ifpdf.sty
Package: ifpdf 2011/01/30 v2.3 Provides the ifpdf switch (HO)
Package ifpdf Info: pdfTeX in PDF mode is detected.
)
(/usr/share/texlive/texmf-dist/tex/generic/oberdiek/ifvtex.sty
Package: ifvtex 2010/03/01 v1.5 Detect VTeX and its facilities (HO)
Package ifvtex Info: VTeX not detected.
)
(/usr/share/texlive/texmf-dist/tex/generic/ifxetex/ifxetex.sty
Package: ifxetex 2010/09/12 v0.6 Provides ifxetex conditional
)
\Gm@cnth=\count88
\Gm@cntv=\count89
\c@Gm@tempcnt=\count90
\Gm@bindingoffset=\dimen105
\Gm@wd@mp=\dimen106
\Gm@odd@mp=\dimen107
\Gm@even@mp=\dimen108
\Gm@layoutwidth=\dimen109
\Gm@layoutheight=\dimen110
\Gm@layouthoffset=\dimen111
\Gm@layoutvoffset=\dimen112
\Gm@dimlist=\toks15
)
(/usr/share/texlive/texmf-dist/tex/latex/subfig/subfig.sty
Package: subfig 2005/06/28 ver: 1.3 subfig package

(/usr/share/texlive/texmf-dist/tex/latex/caption/caption.sty
Package: caption 2016/02/21 v3.3-144 Customizing captions (AR)

(/usr/share/texlive/texmf-dist/tex/latex/caption/caption3.sty
Package: caption3 2016/02/04 v1.7-139 caption3 kernel (AR)
Package caption3 Info: TeX engine: e-TeX on input line 67.
\captionmargin=\dimen113
\captionmargin@=\dimen114
\captionwidth=\dimen115
\caption@tempdima=\dimen116
\caption@indent=\dimen117
\caption@parindent=\dimen118
\caption@hangindent=\dimen119
)
\c@ContinuedFloat=\count91
)
\c@KVtest=\count92
\sf@farskip=\skip43
\sf@captopadj=\dimen120
\sf@capskip=\skip44
\sf@nearskip=\skip45
\c@subfigure=\count93
\c@subfigure@save=\count94
\c@lofdepth=\count95
\c@subtable=\count96
\c@subtable@save=\count97
\c@lotdepth=\count98
\sf@top=\skip46
\sf@bottom=\skip47
)
No file report.aux.
\openout1 = `report.aux'.

LaTeX Font Info:    Checking defaults for OML/cmm/m/it on input line 20.
LaTeX Font Info:    ... okay on input line 20.
LaTeX Font Info:    Checking defaults for T1/cmr/m/n on input line 20.
LaTeX Font Info:    ... okay on input line 20.
LaTeX Font Info:    Checking defaults for OT1/cmr/m/n on input line 20.
LaTeX Font Info:    ... okay on input line 20.
LaTeX Font Info:    Checking defaults for OMS/cmsy/m/n on input line 20.
LaTeX Font Info:    ... okay on input line 20.
LaTeX Font Info:    Checking defaults for OMX/cmex/m/n on input line 20.
LaTeX Font Info:    ... okay on input line 20.
LaTeX Font Info:    Checking defaults for U/cmr/m/n on input line 20.
LaTeX Font Info:    ... okay on input line 20.
(/usr/share/texlive/texmf-dist/tex/context/base/supp-pdf.mkii
[Loading MPS to PDF converter (version 2006.09.02).]
\scratchcounter=\count99
\scratchdimen=\dimen121
\scratchbox=\box26
\nofMPsegments=\count100
\nofMParguments=\count101
\everyMPshowfont=\toks16
\MPscratchCnt=\count102
\MPscratchDim=\dimen122
\MPnumerator=\count103
\makeMPintoPDFobject=\count104
\everyMPtoPDFconversion=\toks17
) (/usr/share/texlive/texmf-dist/tex/generic/oberdiek/pdftexcmds.sty
Package: pdftexcmds 2011/11/29 v0.20 Utility functions of pdfTeX for LuaTeX (HO
)

(/usr/share/texlive/texmf-dist/tex/generic/oberdiek/ifluatex.sty
Package: ifluatex 2010/03/01 v1.3 Provides the ifluatex switch (HO)
Package ifluatex Info: LuaTeX not detected.
)
Package pdftexcmds Info: LuaTeX not detected.
Package pdftexcmds Info: \pdf@primitive is available.
Package pdftexcmds Info: \pdf@ifprimitive is available.
Package pdftexcmds Info: \pdfdraftmode found.
)
(/usr/share/texlive/texmf-dist/tex/latex/oberdiek/epstopdf-base.sty
Package: epstopdf-base 2010/02/09 v2.5 Base part for package epstopdf

(/usr/share/texlive/texmf-dist/tex/latex/oberdiek/grfext.sty
Package: grfext 2010/08/19 v1.1 Manage graphics extensions (HO)

(/usr/share/texlive/texmf-dist/tex/generic/oberdiek/kvdefinekeys.sty
Package: kvdefinekeys 2011/04/07 v1.3 Define keys (HO)
))
(/usr/share/texlive/texmf-dist/tex/latex/oberdiek/kvoptions.sty
Package: kvoptions 2011/06/30 v3.11 Key value format for package options (HO)

(/usr/share/texlive/texmf-dist/tex/generic/oberdiek/kvsetkeys.sty
Package: kvsetkeys 2012/04/25 v1.16 Key value parser (HO)

(/usr/share/texlive/texmf-dist/tex/generic/oberdiek/etexcmds.sty
Package: etexcmds 2011/02/16 v1.5 Avoid name clashes with e-TeX commands (HO)
Package etexcmds Info: Could not find \expanded.
(etexcmds)             That can mean that you are not using pdfTeX 1.50 or
(etexcmds)             that some package has redefined \expanded.
(etexcmds)             In the latter case, load this package earlier.
)))
Package grfext Info: Graphics extension search list:
(grfext)             [.png,.pdf,.jpg,.mps,.jpeg,.jbig2,.jb2,.PNG,.PDF,.JPG,.JPE
G,.JBIG2,.JB2,.eps]
(grfext)             \AppendGraphicsExtensions on input line 452.

(/usr/share/texlive/texmf-dist/tex/latex/latexconfig/epstopdf-sys.cfg
File: epstopdf-sys.cfg 2010/07/13 v1.3 Configuration of (r)epstopdf for TeX Liv
e
))
*geometry* driver: auto-detecting
*geometry* detected driver: pdftex
*geometry* verbose mode - [ preamble ] result:
* driver: pdftex
* paper: a4paper
* layout: <same size as paper>
* layoutoffset:(h,v)=(0.0pt,0.0pt)
* modes: 
* h-part:(L,W,R)=(89.62709pt, 418.25368pt, 89.6271pt)
* v-part:(T,H,B)=(56.9055pt, 686.7347pt, 101.40665pt)
* \paperwidth=597.50787pt
* \paperheight=845.04684pt
* \textwidth=418.25368pt
* \textheight=686.7347pt
* \oddsidemargin=17.3571pt
* \evensidemargin=17.3571pt
* \topmargin=-15.36449pt
* \headheight=0.0pt
* \headsep=0.0pt
* \topskip=10.0pt
* \footskip=0.0pt
* \marginparwidth=57.0pt
* \marginparsep=11.0pt
* \columnsep=10.0pt
* \skip\footins=9.0pt plus 4.0pt minus 2.0pt
* \hoffset=0.0pt
* \voffset=0.0pt
* \mag=1000
* \@twocolumnfalse
* \@twosidefalse
* \@mparswitchfalse
* \@reversemarginfalse
* (1in=72.27pt=25.4mm, 1cm=28.453pt)

Package caption Info: Begin \AtBeginDocument code.
Package caption Info: subfig package v1.3 is loaded.
Package caption Info: End \AtBeginDocument code.
LaTeX Font Info:    External font `cmex10' loaded for size
(Font)              <12> on input line 22.
LaTeX Font Info:    External font `cmex10' loaded for size
(Font)              <8> on input line 22.
LaTeX Font Info:    External font `cmex10' loaded for size
(Font)              <6> on input line 22.
LaTeX Font Info:    External font `cmex10' loaded for size
(Font)              <7> on input line 27.
LaTeX Font Info:    External font `cmex10' loaded for size
(Font)              <5> on input line 27.
<../experiments/graphs/A/steps.png, id=1, 469.755pt x 361.35pt>
File: ../experiments/graphs/A/steps.png Graphic file (type png)

<use ../experiments/graphs/A/steps.png>
Package pdftex.def Info: ../experiments/graphs/A/steps.png used on input line 3
8.
(pdftex.def)             Requested size: 352.31538pt x 271.01184pt.

<../experiments/graphs/A/returns.png, id=3, 469.755pt x 361.35pt>
File: ../experiments/graphs/A/returns.png Graphic file (type png)

<use ../experiments/graphs/A/returns.png>
Package pdftex.def Info: ../experiments/graphs/A/returns.png used on input line
 44.
(pdftex.def)             Requested size: 352.31538pt x 271.01184pt.

<../experiments/graphs/A/Q-Learning-policy.png, id=4, 361.35pt x 361.35pt>
File: ../experiments/graphs/A/Q-Learning-policy.png Graphic file (type png)

<use ../experiments/graphs/A/Q-Learning-policy.png>
Package pdftex.def Info: ../experiments/graphs/A/Q-Learning-policy.png used on 
input line 50.
(pdftex.def)             Requested size: 271.01184pt x 271.01184pt.

<../experiments/graphs/A/SARSA-policy.png, id=5, 361.35pt x 361.35pt>
File: ../experiments/graphs/A/SARSA-policy.png Graphic file (type png)

<use ../experiments/graphs/A/SARSA-policy.png>
Package pdftex.def Info: ../experiments/graphs/A/SARSA-policy.png used on input
 line 56.
(pdftex.def)             Requested size: 271.01184pt x 271.01184pt.
 [1

{/var/lib/texmf/fonts/map/pdftex/updmap/pdftex.map} <../experiments/graphs/A/st
eps.png>] [2 <../experiments/graphs/A/returns.png> <../experiments/graphs/A/Q-L
earning-policy.png>]
<../experiments/graphs/B/steps.png, id=24, 469.755pt x 361.35pt>
File: ../experiments/graphs/B/steps.png Graphic file (type png)

<use ../experiments/graphs/B/steps.png>
Package pdftex.def Info: ../experiments/graphs/B/steps.png used on input line 7
0.
(pdftex.def)             Requested size: 352.31538pt x 271.01184pt.

<../experiments/graphs/B/returns.png, id=25, 469.755pt x 361.35pt>
File: ../experiments/graphs/B/returns.png Graphic file (type png)

<use ../experiments/graphs/B/returns.png>
Package pdftex.def Info: ../experiments/graphs/B/returns.png used on input line
 76.
(pdftex.def)             Requested size: 352.31538pt x 271.01184pt.

<../experiments/graphs/B/Q-Learning-policy.png, id=26, 361.35pt x 361.35pt>
File: ../experiments/graphs/B/Q-Learning-policy.png Graphic file (type png)

<use ../experiments/graphs/B/Q-Learning-policy.png>
Package pdftex.def Info: ../experiments/graphs/B/Q-Learning-policy.png used on 
input line 82.
(pdftex.def)             Requested size: 271.01184pt x 271.01184pt.

<../experiments/graphs/B/SARSA-policy.png, id=27, 361.35pt x 361.35pt>
File: ../experiments/graphs/B/SARSA-policy.png Graphic file (type png)

<use ../experiments/graphs/B/SARSA-policy.png>
Package pdftex.def Info: ../experiments/graphs/B/SARSA-policy.png used on input
 line 88.
(pdftex.def)             Requested size: 271.01184pt x 271.01184pt.
 [3 <../experiments/graphs/A/SARSA-policy.png>] [4 <../experiments/graphs/B/ste
ps.png> <../experiments/graphs/B/returns.png>] [5 <../experiments/graphs/B/Q-Le
arning-policy.png> <../experiments/graphs/B/SARSA-policy.png>]
<../experiments/graphs/C/steps.png, id=42, 469.755pt x 361.35pt>
File: ../experiments/graphs/C/steps.png Graphic file (type png)

<use ../experiments/graphs/C/steps.png>
Package pdftex.def Info: ../experiments/graphs/C/steps.png used on input line 1
02.
(pdftex.def)             Requested size: 352.31538pt x 271.01184pt.

<../experiments/graphs/C/returns.png, id=43, 469.755pt x 361.35pt>
File: ../experiments/graphs/C/returns.png Graphic file (type png)

<use ../experiments/graphs/C/returns.png>
Package pdftex.def Info: ../experiments/graphs/C/returns.png used on input line
 108.
(pdftex.def)             Requested size: 352.31538pt x 271.01184pt.

<../experiments/graphs/C/Q-Learning-policy.png, id=44, 361.35pt x 361.35pt>
File: ../experiments/graphs/C/Q-Learning-policy.png Graphic file (type png)

<use ../experiments/graphs/C/Q-Learning-policy.png>
Package pdftex.def Info: ../experiments/graphs/C/Q-Learning-policy.png used on 
input line 114.
(pdftex.def)             Requested size: 271.01184pt x 271.01184pt.

<../experiments/graphs/C/SARSA-policy.png, id=45, 361.35pt x 361.35pt>
File: ../experiments/graphs/C/SARSA-policy.png Graphic file (type png)

<use ../experiments/graphs/C/SARSA-policy.png>
Package pdftex.def Info: ../experiments/graphs/C/SARSA-policy.png used on input
 line 120.
(pdftex.def)             Requested size: 271.01184pt x 271.01184pt.

<../experiments/graphs/A/pg-steps.png, id=46, 469.755pt x 361.35pt>
File: ../experiments/graphs/A/pg-steps.png Graphic file (type png)

<use ../experiments/graphs/A/pg-steps.png>
Package pdftex.def Info: ../experiments/graphs/A/pg-steps.png used on input lin
e 132.
(pdftex.def)             Requested size: 352.31538pt x 271.01184pt.

<../experiments/graphs/A/pg-returns.png, id=47, 469.755pt x 361.35pt>
File: ../experiments/graphs/A/pg-returns.png Graphic file (type png)

<use ../experiments/graphs/A/pg-returns.png>
Package pdftex.def Info: ../experiments/graphs/A/pg-returns.png used on input l
ine 143.
(pdftex.def)             Requested size: 352.31538pt x 271.01184pt.

<../experiments/graphs/A/MC-Policy-Gradient-policy.png, id=48, 361.35pt x 361.3
5pt>
File: ../experiments/graphs/A/MC-Policy-Gradient-policy.png Graphic file (type 
png)
 <use ../experiments/graphs/A/MC-Policy-Gradient-policy.png>
Package pdftex.def Info: ../experiments/graphs/A/MC-Policy-Gradient-policy.png 
used on input line 148.
(pdftex.def)             Requested size: 271.01184pt x 271.01184pt.
 [6 <../experiments/graphs/C/steps.png>] [7 <../experiments/graphs/C/returns.pn
g> <../experiments/graphs/C/Q-Learning-policy.png>] [8 <../experiments/graphs/C
/SARSA-policy.png> <../experiments/graphs/A/pg-steps.png>] [9 <../experiments/g
raphs/A/pg-returns.png> <../experiments/graphs/A/MC-Policy-Gradient-policy.png>
] [10]
(./report.aux) ) 
Here is how much of TeX's memory you used:
 3248 strings out of 493029
 52621 string characters out of 6136235
 120260 words of memory out of 5000000
 6763 multiletter control sequences out of 15000+600000
 7934 words of font info for 28 fonts, out of 8000000 for 9000
 1141 hyphenation exceptions out of 8191
 44i,7n,42p,262b,290s stack positions out of 5000i,500n,10000p,200000b,80000s
</usr/share/texlive/texmf-dist/fonts/type1/public/amsfonts/cm/c
mbx12.pfb></usr/share/texlive/texmf-dist/fonts/type1/public/amsfonts/cm/cmmi10.
pfb></usr/share/texlive/texmf-dist/fonts/type1/public/amsfonts/cm/cmmi12.pfb></
usr/share/texlive/texmf-dist/fonts/type1/public/amsfonts/cm/cmr10.pfb></usr/sha
re/texlive/texmf-dist/fonts/type1/public/amsfonts/cm/cmr12.pfb></usr/share/texl
ive/texmf-dist/fonts/type1/public/amsfonts/cm/cmr17.pfb></usr/share/texlive/tex
mf-dist/fonts/type1/public/amsfonts/cm/cmti12.pfb>
Output written on report.pdf (10 pages, 973042 bytes).
PDF statistics:
 96 PDF objects out of 1000 (max. 8388607)
 46 compressed objects within 1 object stream
 0 named destinations out of 1000 (max. 500000)
 76 words of extra memory for PDF output out of 10000 (max. 10000000)

